22:06:30.445 INFO [GridLauncherV3.parse] - Selenium server version: 3.141.59, revision: e82be7d358
22:06:30.497 INFO [GridLauncherV3.lambda$buildLaunchers$3] - Launching a standalone Selenium Server on port 4444
2020-06-24 22:06:30.527:INFO::main: Logging initialized @232ms to org.seleniumhq.jetty9.util.log.StdErrLog
22:06:30.669 INFO [WebDriverServlet.<init>] - Initialising WebDriverServlet
22:06:30.863 INFO [SeleniumServer.boot] - Selenium Server is up and running on port 4444
22:06:31.108 INFO [ActiveSessionFactory.apply] - Capabilities are: {
  "acceptSslCerts": true,
  "browserName": "chrome",
  "chromeOptions": {
    "args": [
      "--no-sandbox"
    ],
    "w3c": false
  },
  "javascriptEnabled": true,
  "loggingPrefs": {
    "browser": "INFO",
    "driver": "INFO",
    "server": "OFF"
  },
  "name": "Log In To Linkedin"
}
22:06:31.109 INFO [ActiveSessionFactory.lambda$apply$11] - Matched factory org.openqa.selenium.grid.session.remote.ServicedSession$Factory (provider: org.openqa.selenium.chrome.ChromeDriverService)
Starting ChromeDriver 83.0.4103.39 (ccbf011cb2d2b19b506d844400483861342c20cd-refs/branch-heads/4103@{#416}) on port 11183
Only local connections are allowed.
Please see https://chromedriver.chromium.org/security-considerations for suggestions on keeping ChromeDriver safe.
ChromeDriver was started successfully.
[1593016591.933][WARNING]: Ignoring unrecognized log type: server
22:06:32.429 INFO [ProtocolHandshake.createSession] - Detected dialect: OSS
22:06:32.649 INFO [RemoteSession$Factory.lambda$performHandshake$0] - Started new session bbc412db96a0359e6ec6d4a58e5f9f7a (org.openqa.selenium.chrome.ChromeDriverService)
22:06:49.273 INFO [ActiveSessions$1.onStop] - Removing session bbc412db96a0359e6ec6d4a58e5f9f7a (org.openqa.selenium.chrome.ChromeDriverService)
